# JRE version: OpenJDK Runtime Environment Temurin-17.0.11+9 (17.0.11+9) (build 17.0.11+9)
# Java VM: OpenJDK Client VM Temurin-17.0.11+9 (17.0.11+9, mixed mode, emulated-client, serial gc, windows-x86)
GC Precious Log:
 CPUs: 20 total, 20 available
 Memory: 32475M
 Large Page Support: Disabled
 NUMA Support: Disabled
 Compressed Oops: Disabled
 Heap Min Capacity: 6M
 Heap Initial Capacity: 16M
 Heap Max Capacity: 1536M
 Pre-touch: Disabled
Heap:
 def new generation   total 168064K, used 149253K [0x05c00000, 0x11250000, 0x25c00000)
  eden space 149440K,  98% used [0x05c00000, 0x0ebd73f8, 0x0edf0000)
  from space 18624K,  10% used [0x10020000, 0x1020a260, 0x11250000)
  to   space 18624K,   0% used [0x0edf0000, 0x0edf0000, 0x10020000)
 tenured generation   total 371148K, used 265729K [0x25c00000, 0x3c673000, 0x65c00000)
   the space 371148K,  71% used [0x25c00000, 0x35f807b0, 0x35f80800, 0x3c673000)
 Metaspace       used 80891K, committed 81472K, reserved 81920K
GC Heap History (20 events):
Event: 14.426 GC heap before
{Heap before GC invocations=97 (full 6):
 def new generation   total 97280K, used 97280K [0x05c00000, 0x0c580000, 0x25c00000)
  eden space 86528K, 100% used [0x05c00000, 0x0b080000, 0x0b080000)
  from space 10752K, 100% used [0x0b080000, 0x0bb00000, 0x0bb00000)
  to   space 10752K,   0% used [0x0bb00000, 0x0bb00000, 0x0c580000)
 tenured generation   total 213868K, used 155128K [0x25c00000, 0x32cdb000, 0x65c00000)
   the space 213868K,  72% used [0x25c00000, 0x2f37e0d0, 0x2f37e200, 0x32cdb000)
 Metaspace       used 71903K, committed 72384K, reserved 81920K
}
Event: 14.480 GC heap after
{Heap after GC invocations=98 (full 6):
 def new generation   total 97280K, used 10751K [0x05c00000, 0x0c580000, 0x25c00000)
  eden space 86528K,   0% used [0x05c00000, 0x05c00000, 0x0b080000)
  from space 10752K,  99% used [0x0bb00000, 0x0c57fff8, 0x0c580000)
  to   space 10752K,   0% used [0x0b080000, 0x0b080000, 0x0bb00000)
 tenured generation   total 213868K, used 176386K [0x25c00000, 0x32cdb000, 0x65c00000)
   the space 213868K,  82% used [0x25c00000, 0x30840a08, 0x30840c00, 0x32cdb000)
 Metaspace       used 71903K, committed 72384K, reserved 81920K
}
Event: 14.634 GC heap before
{Heap before GC invocations=98 (full 6):
 def new generation   total 97280K, used 97279K [0x05c00000, 0x0c580000, 0x25c00000)
  eden space 86528K, 100% used [0x05c00000, 0x0b080000, 0x0b080000)
  from space 10752K,  99% used [0x0bb00000, 0x0c57fff8, 0x0c580000)
  to   space 10752K,   0% used [0x0b080000, 0x0b080000, 0x0bb00000)
 tenured generation   total 213868K, used 176386K [0x25c00000, 0x32cdb000, 0x65c00000)
   the space 213868K,  82% used [0x25c00000, 0x30840a08, 0x30840c00, 0x32cdb000)
 Metaspace       used 71903K, committed 72384K, reserved 81920K
}
Event: 14.680 GC heap after
{Heap after GC invocations=99 (full 6):
 def new generation   total 97280K, used 10752K [0x05c00000, 0x0c580000, 0x25c00000)
  eden space 86528K,   0% used [0x05c00000, 0x05c00000, 0x0b080000)
  from space 10752K, 100% used [0x0b080000, 0x0bb00000, 0x0bb00000)
  to   space 10752K,   0% used [0x0bb00000, 0x0bb00000, 0x0c580000)
 tenured generation   total 213868K, used 195554K [0x25c00000, 0x32cdb000, 0x65c00000)
   the space 213868K,  91% used [0x25c00000, 0x31af89c8, 0x31af8a00, 0x32cdb000)
 Metaspace       used 71903K, committed 72384K, reserved 81920K
}
Event: 14.889 GC heap before
{Heap before GC invocations=99 (full 6):
 def new generation   total 97280K, used 97280K [0x05c00000, 0x0c580000, 0x25c00000)
  eden space 86528K, 100% used [0x05c00000, 0x0b080000, 0x0b080000)
  from space 10752K, 100% used [0x0b080000, 0x0bb00000, 0x0bb00000)
  to   space 10752K,   0% used [0x0bb00000, 0x0bb00000, 0x0c580000)
 tenured generation   total 213868K, used 195554K [0x25c00000, 0x32cdb000, 0x65c00000)
   the space 213868K,  91% used [0x25c00000, 0x31af89c8, 0x31af8a00, 0x32cdb000)
 Metaspace       used 72893K, committed 73408K, reserved 81920K
}
Event: 14.938 GC heap after
{Heap after GC invocations=100 (full 6):
 def new generation   total 97280K, used 10752K [0x05c00000, 0x0c580000, 0x25c00000)
  eden space 86528K,   0% used [0x05c00000, 0x05c00000, 0x0b080000)
  from space 10752K, 100% used [0x0bb00000, 0x0c580000, 0x0c580000)
  to   space 10752K,   0% used [0x0b080000, 0x0b080000, 0x0bb00000)
 tenured generation   total 213868K, used 213649K [0x25c00000, 0x32cdb000, 0x65c00000)
   the space 213868K,  99% used [0x25c00000, 0x32ca4728, 0x32ca4800, 0x32cdb000)
 Metaspace       used 72893K, committed 73408K, reserved 81920K
}
Event: 15.080 GC heap before
{Heap before GC invocations=100 (full 6):
 def new generation   total 97280K, used 97280K [0x05c00000, 0x0c580000, 0x25c00000)
  eden space 86528K, 100% used [0x05c00000, 0x0b080000, 0x0b080000)
  from space 10752K, 100% used [0x0bb00000, 0x0c580000, 0x0c580000)
  to   space 10752K,   0% used [0x0b080000, 0x0b080000, 0x0bb00000)
 tenured generation   total 213868K, used 213649K [0x25c00000, 0x32cdb000, 0x65c00000)
   the space 213868K,  99% used [0x25c00000, 0x32ca4728, 0x32ca4800, 0x32cdb000)
 Metaspace       used 73450K, committed 73920K, reserved 81920K
}
Event: 15.105 GC heap after
{Heap after GC invocations=101 (full 6):
 def new generation   total 97280K, used 5306K [0x05c00000, 0x0c580000, 0x25c00000)
  eden space 86528K,   0% used [0x05c00000, 0x05c00000, 0x0b080000)
  from space 10752K,  49% used [0x0b080000, 0x0b5ae978, 0x0bb00000)
  to   space 10752K,   0% used [0x0bb00000, 0x0bb00000, 0x0c580000)
 tenured generation   total 224376K, used 224334K [0x25c00000, 0x3371e000, 0x65c00000)
   the space 224376K,  99% used [0x25c00000, 0x33713860, 0x33713a00, 0x3371e000)
 Metaspace       used 73450K, committed 73920K, reserved 81920K
}
Event: 15.105 GC heap before
{Heap before GC invocations=101 (full 6):
 def new generation   total 97280K, used 5306K [0x05c00000, 0x0c580000, 0x25c00000)
  eden space 86528K,   0% used [0x05c00000, 0x05c00000, 0x0b080000)
  from space 10752K,  49% used [0x0b080000, 0x0b5ae978, 0x0bb00000)
  to   space 10752K,   0% used [0x0bb00000, 0x0bb00000, 0x0c580000)
 tenured generation   total 224376K, used 224334K [0x25c00000, 0x3371e000, 0x65c00000)
   the space 224376K,  99% used [0x25c00000, 0x33713860, 0x33713a00, 0x3371e000)
 Metaspace       used 73450K, committed 73920K, reserved 81920K
}
Event: 15.312 GC heap after
{Heap after GC invocations=101 (full 7):
 def new generation   total 168064K, used 0K [0x05c00000, 0x11250000, 0x25c00000)
  eden space 149440K,   0% used [0x05c00000, 0x05c00000, 0x0edf0000)
  from space 18624K,   0% used [0x0edf0000, 0x0edf0000, 0x10020000)
  to   space 18624K,   0% used [0x10020000, 0x10020000, 0x11250000)
 tenured generation   total 371148K, used 222686K [0x25c00000, 0x3c673000, 0x65c00000)
   the space 371148K,  59% used [0x25c00000, 0x33577ab0, 0x33577c00, 0x3c673000)
 Metaspace       used 73450K, committed 73920K, reserved 81920K
}
Event: 15.607 GC heap before
{Heap before GC invocations=101 (full 7):
 def new generation   total 168064K, used 149440K [0x05c00000, 0x11250000, 0x25c00000)
  eden space 149440K, 100% used [0x05c00000, 0x0edf0000, 0x0edf0000)
  from space 18624K,   0% used [0x0edf0000, 0x0edf0000, 0x10020000)
  to   space 18624K,   0% used [0x10020000, 0x10020000, 0x11250000)
 tenured generation   total 371148K, used 222686K [0x25c00000, 0x3c673000, 0x65c00000)
   the space 371148K,  59% used [0x25c00000, 0x33577ab0, 0x33577c00, 0x3c673000)
 Metaspace       used 75798K, committed 76352K, reserved 81920K
}
Event: 15.619 GC heap after
{Heap after GC invocations=102 (full 7):
 def new generation   total 168064K, used 11358K [0x05c00000, 0x11250000, 0x25c00000)
  eden space 149440K,   0% used [0x05c00000, 0x05c00000, 0x0edf0000)
  from space 18624K,  60% used [0x10020000, 0x10b37b50, 0x11250000)
  to   space 18624K,   0% used [0x0edf0000, 0x0edf0000, 0x10020000)
 tenured generation   total 371148K, used 222686K [0x25c00000, 0x3c673000, 0x65c00000)
   the space 371148K,  59% used [0x25c00000, 0x33577ab0, 0x33577c00, 0x3c673000)
 Metaspace       used 75798K, committed 76352K, reserved 81920K
}
Event: 15.909 GC heap before
{Heap before GC invocations=102 (full 7):
 def new generation   total 168064K, used 160798K [0x05c00000, 0x11250000, 0x25c00000)
  eden space 149440K, 100% used [0x05c00000, 0x0edf0000, 0x0edf0000)
  from space 18624K,  60% used [0x10020000, 0x10b37b50, 0x11250000)
  to   space 18624K,   0% used [0x0edf0000, 0x0edf0000, 0x10020000)
 tenured generation   total 371148K, used 222686K [0x25c00000, 0x3c673000, 0x65c00000)
   the space 371148K,  59% used [0x25c00000, 0x33577ab0, 0x33577c00, 0x3c673000)
 Metaspace       used 75859K, committed 76416K, reserved 81920K
}
Event: 15.944 GC heap after
{Heap after GC invocations=103 (full 7):
 def new generation   total 168064K, used 16575K [0x05c00000, 0x11250000, 0x25c00000)
  eden space 149440K,   0% used [0x05c00000, 0x05c00000, 0x0edf0000)
  from space 18624K,  89% used [0x0edf0000, 0x0fe1fee8, 0x10020000)
  to   space 18624K,   0% used [0x10020000, 0x10020000, 0x11250000)
 tenured generation   total 371148K, used 233458K [0x25c00000, 0x3c673000, 0x65c00000)
   the space 371148K,  62% used [0x25c00000, 0x33ffca48, 0x33ffcc00, 0x3c673000)
 Metaspace       used 75859K, committed 76416K, reserved 81920K
}
Event: 16.384 GC heap before
{Heap before GC invocations=103 (full 7):
 def new generation   total 168064K, used 166015K [0x05c00000, 0x11250000, 0x25c00000)
  eden space 149440K, 100% used [0x05c00000, 0x0edf0000, 0x0edf0000)
  from space 18624K,  89% used [0x0edf0000, 0x0fe1fee8, 0x10020000)
  to   space 18624K,   0% used [0x10020000, 0x10020000, 0x11250000)
 tenured generation   total 371148K, used 233458K [0x25c00000, 0x3c673000, 0x65c00000)
   the space 371148K,  62% used [0x25c00000, 0x33ffca48, 0x33ffcc00, 0x3c673000)
 Metaspace       used 77845K, committed 78464K, reserved 81920K
}
Event: 16.415 GC heap after
{Heap after GC invocations=104 (full 7):
 def new generation   total 168064K, used 9560K [0x05c00000, 0x11250000, 0x25c00000)
  eden space 149440K,   0% used [0x05c00000, 0x05c00000, 0x0edf0000)
  from space 18624K,  51% used [0x10020000, 0x109763d8, 0x11250000)
  to   space 18624K,   0% used [0x0edf0000, 0x0edf0000, 0x10020000)
 tenured generation   total 371148K, used 249842K [0x25c00000, 0x3c673000, 0x65c00000)
   the space 371148K,  67% used [0x25c00000, 0x34ffc810, 0x34ffca00, 0x3c673000)
 Metaspace       used 77845K, committed 78464K, reserved 81920K
}
Event: 16.817 GC heap before
{Heap before GC invocations=104 (full 7):
 def new generation   total 168064K, used 159000K [0x05c00000, 0x11250000, 0x25c00000)
  eden space 149440K, 100% used [0x05c00000, 0x0edf0000, 0x0edf0000)
  from space 18624K,  51% used [0x10020000, 0x109763d8, 0x11250000)
  to   space 18624K,   0% used [0x0edf0000, 0x0edf0000, 0x10020000)
 tenured generation   total 371148K, used 249842K [0x25c00000, 0x3c673000, 0x65c00000)
   the space 371148K,  67% used [0x25c00000, 0x34ffc810, 0x34ffca00, 0x3c673000)
 Metaspace       used 79246K, committed 79872K, reserved 81920K
}
Event: 16.837 GC heap after
{Heap after GC invocations=105 (full 7):
 def new generation   total 168064K, used 10209K [0x05c00000, 0x11250000, 0x25c00000)
  eden space 149440K,   0% used [0x05c00000, 0x05c00000, 0x0edf0000)
  from space 18624K,  54% used [0x0edf0000, 0x0f7e86a8, 0x10020000)
  to   space 18624K,   0% used [0x10020000, 0x10020000, 0x11250000)
 tenured generation   total 371148K, used 255649K [0x25c00000, 0x3c673000, 0x65c00000)
   the space 371148K,  68% used [0x25c00000, 0x355a8670, 0x355a8800, 0x3c673000)
 Metaspace       used 79246K, committed 79872K, reserved 81920K
}
Event: 16.923 GC heap before
{Heap before GC invocations=105 (full 7):
 def new generation   total 168064K, used 159649K [0x05c00000, 0x11250000, 0x25c00000)
  eden space 149440K, 100% used [0x05c00000, 0x0edf0000, 0x0edf0000)
  from space 18624K,  54% used [0x0edf0000, 0x0f7e86a8, 0x10020000)
  to   space 18624K,   0% used [0x10020000, 0x10020000, 0x11250000)
 tenured generation   total 371148K, used 255649K [0x25c00000, 0x3c673000, 0x65c00000)
   the space 371148K,  68% used [0x25c00000, 0x355a8670, 0x355a8800, 0x3c673000)
 Metaspace       used 80014K, committed 80640K, reserved 81920K
}
Event: 16.937 GC heap after
{Heap after GC invocations=106 (full 7):
 def new generation   total 168064K, used 1960K [0x05c00000, 0x11250000, 0x25c00000)
  eden space 149440K,   0% used [0x05c00000, 0x05c00000, 0x0edf0000)
  from space 18624K,  10% used [0x10020000, 0x1020a260, 0x11250000)
  to   space 18624K,   0% used [0x0edf0000, 0x0edf0000, 0x10020000)
 tenured generation   total 371148K, used 265729K [0x25c00000, 0x3c673000, 0x65c00000)
   the space 371148K,  71% used [0x25c00000, 0x35f807b0, 0x35f80800, 0x3c673000)
 Metaspace       used 80014K, committed 80640K, reserved 81920K
}

